  Moc'ing gmtools.h...
  Uic'ing gmtools.ui...
  Moc'ing AlertAddItem.h...
  Moc'ing ItemWidget.h...
  Rcc'ing gmtools.qrc...
RCC : warning : No resources in 'C:\Users\Administrator\Desktop\sszyc8\svn\GMTools\GMTools\gmtools.qrc'.
  
  Uic'ing ItemWidget.ui...
  Uic'ing AlertAddItem.ui...
  AlertAddItem.cpp
  moc_AlertAddItem.cpp
  moc_gmtools.cpp
  moc_ItemWidget.cpp
  gmtools.cpp
  ItemWidget.cpp
  main.cpp
  NetWork.cpp
  NetWorkManager.cpp
  ReadConfig.cpp
  UIEventManager.cpp
  正在生成代码...
  qrc_gmtools.cpp
  GMTools.vcxproj -> C:\Users\Administrator\Desktop\sszyc8\svn\GMTools\Win32\Release\GMTools.exe
